<?xml version="1.0" encoding="UTF-8"?>
<testExecutions version="1">
  <file path="/Users/rory/KNOMEE-API/tests/unit-tests/lib/crypto.spec.ts">
    <testCase name="Crypto Lib (Encryption/Decryption) Testing for text" duration="50"/>
    <testCase name="Crypto Lib (Encryption/Decryption) Testing for array" duration="11"/>
    <testCase name="Crypto Lib (Encryption/Decryption) Testing for object" duration="15"/>
  </file>
  <file path="/Users/rory/KNOMEE-API/tests/unit-tests/environments/environment.spec.ts">
    <testCase name="Environment should get the current environment" duration="17"/>
    <testCase name="Environment should check if environement is production or not" duration="3"/>
    <testCase name="Environment should check if environement is dev or not" duration="2"/>
    <testCase name="Environment should check if environement is staging or not" duration="2"/>
    <testCase name="Environment should check if environement is test or not" duration="2"/>
    <testCase name="Environment should set the local as current environment" duration="1"/>
    <testCase name="Environment should set the production as current environment" duration="2"/>
    <testCase name="Environment should set the staging as current environment" duration="3"/>
    <testCase name="Environment should set the local as default environment" duration="2"/>
  </file>
  <file path="/Users/rory/KNOMEE-API/tests/integration-tests/status.integration.spec.ts">
    <testCase name="status integration tests can get server time" duration="123"/>
    <testCase name="status integration tests can get server system info" duration="57"/>
    <testCase name="status integration tests can get server system usage" duration="18"/>
    <testCase name="status integration tests can get server system process info" duration="22"/>
    <testCase name="status integration tests should get the error" duration="27"/>
  </file>
  <file path="/Users/rory/KNOMEE-API/tests/unit-tests/middleware/error-handler.spec.ts">
    <testCase name="ErrorHandler middleware with 0 status code" duration="28"/>
    <testCase name="ErrorHandler middleware with 200 status code" duration="1"/>
  </file>
  <file path="/Users/rory/KNOMEE-API/tests/integration-tests/app.integration.spec.ts">
    <testCase name="status integration tests can get default route success" duration="72"/>
    <testCase name="status integration tests can get default web route success" duration="16"/>
  </file>
  <file path="/Users/rory/KNOMEE-API/tests/unit-tests/models/user.spec.ts">
    <testCase name="User model it saves a users auth id" duration="13"/>
  </file>
  <file path="/Users/rory/KNOMEE-API/tests/unit-tests/models/entity.spec.ts">
    <testCase name="User model that a user inherits all of the base level entity details" duration="14"/>
  </file>
</testExecutions>